<?xml version="1.0" encoding="UTF-8"?>
<testng-results skipped="1" failed="0" total="1" passed="0">
  <reporter-output>
  </reporter-output>
  <suite name="Magplus_Testing" duration-ms="70" started-at="2017-04-27T20:09:14Z" finished-at="2017-04-27T20:09:14Z">
    <groups>
    </groups>
    <test name="Magplus_Login" duration-ms="70" started-at="2017-04-27T20:09:14Z" finished-at="2017-04-27T20:09:14Z">
      <class name="com.magplus.Magplus_Login">
        <test-method status="FAIL" signature="Parameters()[pri:0, instance:com.magplus.Magplus_Login@cd429b]" name="Parameters" is-config="true" duration-ms="0" started-at="2017-04-28T01:39:12Z" finished-at="2017-04-28T01:39:12Z">
          <exception class="org.openqa.selenium.WebDriverException">
            <message>
              <![CDATA[unknown error: Runtime.executionContextCreated has invalid 'context': {"auxData":{"frameId":"15776.1","isDefault":true},"id":1,"name":"","origin":"://"}
  (Session info: chrome=58.0.3029.81)
  (Driver info: chromedriver=2.6.232923,platform=Windows NT 6.1 SP1 x86_64) (WARNING: The server did not provide any stacktrace information)
Command duration or timeout: 193 milliseconds
Build info: version: '2.53.0', revision: '35ae25b1534ae328c771e0856c93e187490ca824', time: '2016-03-15 10:43:46'
System info: host: 'MPSTL022', ip: '192.168.1.100', os.name: 'Windows 7', os.arch: 'x86', os.version: '6.1', java.version: '1.7.0'
Session ID: 65f8510115f01968bad96871c1faf52b
Driver info: org.openqa.selenium.chrome.ChromeDriver
Capabilities [{platform=XP, acceptSslCerts=true, javascriptEnabled=true, browserName=chrome, chrome={userDataDir=C:\Users\TYAGI~1.RAV\AppData\Local\Temp\scoped_dir18736_14587}, rotatable=false, locationContextEnabled=true, version=58.0.3029.81, takesHeapSnapshot=true, cssSelectorsEnabled=true, databaseEnabled=false, handlesAlerts=true, browserConnectionEnabled=false, webStorageEnabled=true, nativeEvents=true, applicationCacheEnabled=false, takesScreenshot=true}]]]>
            </message>
            <full-stacktrace>
              <![CDATA[org.openqa.selenium.WebDriverException: unknown error: Runtime.executionContextCreated has invalid 'context': {"auxData":{"frameId":"15776.1","isDefault":true},"id":1,"name":"","origin":"://"}
  (Session info: chrome=58.0.3029.81)
  (Driver info: chromedriver=2.6.232923,platform=Windows NT 6.1 SP1 x86_64) (WARNING: The server did not provide any stacktrace information)
Command duration or timeout: 193 milliseconds
Build info: version: '2.53.0', revision: '35ae25b1534ae328c771e0856c93e187490ca824', time: '2016-03-15 10:43:46'
System info: host: 'MPSTL022', ip: '192.168.1.100', os.name: 'Windows 7', os.arch: 'x86', os.version: '6.1', java.version: '1.7.0'
Session ID: 65f8510115f01968bad96871c1faf52b
Driver info: org.openqa.selenium.chrome.ChromeDriver
Capabilities [{platform=XP, acceptSslCerts=true, javascriptEnabled=true, browserName=chrome, chrome={userDataDir=C:\Users\TYAGI~1.RAV\AppData\Local\Temp\scoped_dir18736_14587}, rotatable=false, locationContextEnabled=true, version=58.0.3029.81, takesHeapSnapshot=true, cssSelectorsEnabled=true, databaseEnabled=false, handlesAlerts=true, browserConnectionEnabled=false, webStorageEnabled=true, nativeEvents=true, applicationCacheEnabled=false, takesScreenshot=true}]
	at sun.reflect.NativeConstructorAccessorImpl.newInstance0(Native Method)
	at sun.reflect.NativeConstructorAccessorImpl.newInstance(Unknown Source)
	at sun.reflect.DelegatingConstructorAccessorImpl.newInstance(Unknown Source)
	at java.lang.reflect.Constructor.newInstance(Unknown Source)
	at org.openqa.selenium.remote.ErrorHandler.createThrowable(ErrorHandler.java:206)
	at org.openqa.selenium.remote.ErrorHandler.throwIfResponseFailed(ErrorHandler.java:158)
	at org.openqa.selenium.remote.RemoteWebDriver.execute(RemoteWebDriver.java:678)
	at org.openqa.selenium.remote.RemoteWebDriver.execute(RemoteWebDriver.java:701)
	at org.openqa.selenium.remote.RemoteWebDriver$RemoteWebDriverOptions.deleteAllCookies(RemoteWebDriver.java:773)
	at com.magplus.Pajeobject.Parameters(Pajeobject.java:33)
	at sun.reflect.NativeMethodAccessorImpl.invoke0(Native Method)
	at sun.reflect.NativeMethodAccessorImpl.invoke(Unknown Source)
	at sun.reflect.DelegatingMethodAccessorImpl.invoke(Unknown Source)
	at java.lang.reflect.Method.invoke(Unknown Source)
	at org.testng.internal.MethodInvocationHelper.invokeMethod(MethodInvocationHelper.java:84)
	at org.testng.internal.Invoker.invokeConfigurationMethod(Invoker.java:564)
	at org.testng.internal.Invoker.invokeConfigurations(Invoker.java:213)
	at org.testng.internal.Invoker.invokeConfigurations(Invoker.java:138)
	at org.testng.SuiteRunner.privateRun(SuiteRunner.java:277)
	at org.testng.SuiteRunner.run(SuiteRunner.java:240)
	at org.testng.SuiteRunnerWorker.runSuite(SuiteRunnerWorker.java:52)
	at org.testng.SuiteRunnerWorker.run(SuiteRunnerWorker.java:86)
	at org.testng.TestNG.runSuitesSequentially(TestNG.java:1224)
	at org.testng.TestNG.runSuitesLocally(TestNG.java:1149)
	at org.testng.TestNG.run(TestNG.java:1057)
	at org.testng.remote.RemoteTestNG.run(RemoteTestNG.java:115)
	at org.testng.remote.RemoteTestNG.initAndRun(RemoteTestNG.java:207)
	at org.testng.remote.RemoteTestNG.main(RemoteTestNG.java:178)
]]>
            </full-stacktrace>
          </exception> <!-- org.openqa.selenium.WebDriverException -->
          <reporter-output>
          </reporter-output>
        </test-method> <!-- Parameters -->
        <test-method status="SKIP" signature="Mag_login()[pri:0, instance:com.magplus.Magplus_Login@cd429b]" name="Mag_login" duration-ms="3" started-at="2017-04-28T01:39:14Z" finished-at="2017-04-28T01:39:14Z">
          <reporter-output>
          </reporter-output>
        </test-method> <!-- Mag_login -->
        <test-method status="SKIP" signature="closebrowser()[pri:0, instance:com.magplus.Magplus_Login@cd429b]" name="closebrowser" is-config="true" duration-ms="0" started-at="2017-04-28T01:39:14Z" finished-at="2017-04-28T01:39:14Z">
          <reporter-output>
          </reporter-output>
        </test-method> <!-- closebrowser -->
      </class> <!-- com.magplus.Magplus_Login -->
    </test> <!-- Magplus_Login -->
  </suite> <!-- Magplus_Testing -->
</testng-results>
